
  Memory set to   1.863 GiB by Python driver.

Scratch directory: /tmp/

Scratch directory: /tmp/

*** tstart() called on Jonathans-MBP-2
*** at Tue Sep 28 12:58:14 2021

   => Loading Basis Set <=

    Name: CC-PVDZ
    Role: ORBITAL
    Keyword: BASIS
    atoms 1   entry O          line   198 file /opt/anaconda3/share/psi4/basis/cc-pvdz.gbs 
    atoms 2   entry C          line   138 file /opt/anaconda3/share/psi4/basis/cc-pvdz.gbs 
    atoms 3-4 entry H          line    22 file /opt/anaconda3/share/psi4/basis/cc-pvdz.gbs 


         ---------------------------------------------------------
                                   SCF
               by Justin Turney, Rob Parrish, Andy Simmonett
                          and Daniel G. A. Smith
                              RHF Reference
                        1 Threads,   1907 MiB Core
         ---------------------------------------------------------

  ==> Geometry <==

    Molecular point group: c1
    Full point group: C2v

    Geometry (in Angstrom), charge = 0, multiplicity = 1:

       Center              X                  Y                   Z               Mass       
    ------------   -----------------  -----------------  -----------------  -----------------
         O            0.000000000000     0.000000000000     0.591268219658    15.994914619570
         C            0.000000000000     0.000000000000    -0.590400099342    12.000000000000
         H            0.000000000000     0.932184336000    -1.177031440342     1.007825032230
         H            0.000000000000    -0.932184336000    -1.177031440342     1.007825032230

  Running in c1 symmetry.

  Rotational constants: A =      9.62449  B =      1.34140  C =      1.17732 [cm^-1]
  Rotational constants: A = 288534.97273  B =  40214.29953  C =  35295.07986 [MHz]
  Nuclear repulsion =   31.780365798266157

  Charge       = 0
  Multiplicity = 1
  Electrons    = 16
  Nalpha       = 8
  Nbeta        = 8

  ==> Algorithm <==

  SCF Algorithm Type is PK.
  DIIS enabled.
  MOM disabled.
  Fractional occupation disabled.
  Guess Type is SAD.
  Energy threshold   = 1.00e-10
  Density threshold  = 1.00e-10
  Integral threshold = 1.00e-12

  ==> Primary Basis <==

  Basis Set: CC-PVDZ
    Blend: CC-PVDZ
    Number of shells: 18
    Number of basis functions: 38
    Number of Cartesian functions: 40
    Spherical Harmonics?: true
    Max angular momentum: 2

  ==> Integral Setup <==

  Using in-core PK algorithm.
   Calculation information:
      Number of atoms:                   4
      Number of AO shells:              18
      Number of primitives:             54
      Number of atomic orbitals:        40
      Number of basis functions:        38

      Integral cutoff                 1.00e-12
      Number of threads:                 1

  Performing in-core PK
  Using 549822 doubles for integral storage.
  We computed 14706 shell quartets total.
  Whereas there are 14706 unique shell quartets.

  ==> DiskJK: Disk-Based J/K Matrices <==

    J tasked:                  Yes
    K tasked:                  Yes
    wK tasked:                  No
    Memory [MiB]:             1430
    Schwarz Cutoff:          1E-12

    OpenMP threads:              1

  Minimum eigenvalue in the overlap matrix is 1.8441643485E-02.
  Reciprocal condition number of the overlap matrix is 4.5703102081E-03.
    Using symmetric orthogonalization.

  ==> Pre-Iterations <==

  SCF Guess: Superposition of Atomic Densities via on-the-fly atomic UHF (no occupation information).

   -------------------------
    Irrep   Nso     Nmo    
   -------------------------
     A         38      38 
   -------------------------
    Total      38      38
   -------------------------

  ==> Iterations <==

                        Total Energy        Delta E     RMS |[F,P]|

   @RHF iter SAD:  -113.20011826256822   -1.13200e+02   0.00000e+00 
   @RHF iter   1:  -113.82040204474117   -6.20284e-01   9.41412e-03 DIIS
   @RHF iter   2:  -113.84847507757809   -2.80730e-02   7.43722e-03 DIIS
   @RHF iter   3:  -113.87669798938541   -2.82229e-02   5.70541e-04 DIIS
   @RHF iter   4:  -113.87716564849737   -4.67659e-04   1.55995e-04 DIIS
   @RHF iter   5:  -113.87721014123616   -4.44927e-05   7.14271e-05 DIIS
   @RHF iter   6:  -113.87722123633030   -1.10951e-05   2.50273e-05 DIIS
   @RHF iter   7:  -113.87722215039638   -9.14066e-07   4.63882e-06 DIIS
   @RHF iter   8:  -113.87722217627589   -2.58795e-08   4.90022e-07 DIIS
   @RHF iter   9:  -113.87722217660755   -3.31653e-10   8.64881e-08 DIIS
   @RHF iter  10:  -113.87722217661765   -1.01039e-11   1.33660e-08 DIIS
   @RHF iter  11:  -113.87722217661785   -1.98952e-13   1.63600e-09 DIIS
   @RHF iter  12:  -113.87722217661799   -1.42109e-13   2.10880e-10 DIIS
   @RHF iter  13:  -113.87722217661789    9.94760e-14   3.40144e-11 DIIS
  Energy and wave function converged.


  ==> Post-Iterations <==

    Orbital Energies [Eh]
    ---------------------

    Doubly Occupied:                                                      

       1A    -20.574468     2A    -11.341055     3A     -1.419497  
       4A     -0.862603     5A     -0.693458     6A     -0.652994  
       7A     -0.539531     8A     -0.432184  

    Virtual:                                                              

       9A      0.143215    10A      0.191052    11A      0.260568  
      12A      0.362322    13A      0.667794    14A      0.673019  
      15A      0.740219    16A      0.819391    17A      0.917834  
      18A      0.982777    19A      1.102777    20A      1.157955  
      21A      1.289919    22A      1.323570    23A      1.422137  
      24A      1.676593    25A      1.697137    26A      1.863835  
      27A      1.956950    28A      1.973359    29A      1.982432  
      30A      2.001617    31A      2.588127    32A      2.689787  
      33A      2.758955    34A      3.051841    35A      3.191684  
      36A      3.446749    37A      3.751499    38A      3.869851  

    Final Occupation by Irrep:
              A 
    DOCC [     8 ]

  @RHF Final Energy:  -113.87722217661789

   => Energetics <=

    Nuclear Repulsion Energy =             31.7803657982661569
    One-Electron Energy =                -218.2835960027529154
    Two-Electron Energy =                  72.6260080278688633
    Total Energy =                       -113.8772221766178916

Computation Completed


Properties will be evaluated at   0.000000,   0.000000,   0.000000 [a0]

Properties computed using the SCF density matrix

  Nuclear Dipole Moment: [e a0]
     X:     0.0000      Y:     0.0000      Z:    -2.2040

  Electronic Dipole Moment: [e a0]
     X:     0.0000      Y:    -0.0000      Z:     1.1943

  Dipole Moment: [e a0]
     X:     0.0000      Y:    -0.0000      Z:    -1.0098     Total:     1.0098

  Dipole Moment: [D]
     X:     0.0000      Y:    -0.0000      Z:    -2.5666     Total:     2.5666


*** tstop() called on Jonathans-MBP-2 at Tue Sep 28 12:58:15 2021
Module time:
	user time   =       0.32 seconds =       0.01 minutes
	system time =       0.02 seconds =       0.00 minutes
	total time  =          1 seconds =       0.02 minutes
Total time:
	user time   =       0.32 seconds =       0.01 minutes
	system time =       0.02 seconds =       0.00 minutes
	total time  =          1 seconds =       0.02 minutes
